#
# A fatal error has been detected by the Java Runtime Environment:
#
#  EXCEPTION_ACCESS_VIOLATION (0xc0000005) at pc=0x7162dd39, pid=6688, tid=2856
#
# JRE version: Java(TM) SE Runtime Environment (7.0_71-b14) (build 1.7.0_71-b14)
# Java VM: Java HotSpot(TM) Client VM (24.71-b01 mixed mode windows-x86 )
# Problematic frame:
# C  0x7162dd39
#
# Failed to write core dump. Minidumps are not enabled by default on client versions of Windows
#
# If you would like to submit a bug report, please visit:
#   http://bugreport.sun.com/bugreport/crash.jsp
#

---------------  T H R E A D  ---------------

Current thread (0x29b7f400):  VMThread [stack: 0x29ca0000,0x29da0000] [id=2856]

siginfo: ExceptionCode=0xc0000005, reading address 0x00000058

Registers:
EAX=0x29b7f530, EBX=0x71688678, ECX=0x00000000, EDX=0x2beba8fc
ESP=0x29d9f75c, EBP=0x29d9f774, ESI=0x383f48e4, EDI=0x37c07794
EIP=0x7162dd39, EFLAGS=0x00010206

Top of Stack: (sp=0x29d9f75c)
0x29d9f75c:   29b7f530 2beba8fc 37c07794 383f4898
0x29d9f76c:   29b7f530 01343145 29d9f784 7162e190
0x29d9f77c:   37c07794 383faea0 29d9f7a0 7162ddcc
0x29d9f78c:   00000001 71657e17 37c07780 71657492
0x29d9f79c:   00000000 29d9f7c0 58de8e54 383faea4
0x29d9f7ac:   37c74680 37c74680 58e22300 3c14d8e4
0x29d9f7bc:   37cc48c0 29d9f7cc 58e22adb 37cdb000
0x29d9f7cc:   29d9f7e8 58e287e8 00000001 58de9756 

Instructions: (pc=0x7162dd39)
0x7162dd19:   00 00 c6 45 ff 00 e8 dc 55 ff ff 83 c4 08 85 c0
0x7162dd29:   75 1f 8b 45 f8 85 c0 74 18 8b 56 bc 8b 08 52 50
0x7162dd39:   8b 41 58 ff d0 8d 4d ff 51 e8 09 56 ff ff 83 c4
0x7162dd49:   04 8d 4e e0 e8 1e 08 02 00 8b 46 d4 8b 08 50 51 


Register to memory mapping:

EAX=
[error occurred during error reporting (printing register info), id 0xc0000005]

Stack: [0x29ca0000,0x29da0000],  sp=0x29d9f75c,  free space=1021k
Native frames: (J=compiled Java code, j=interpreted, Vv=VM code, C=native code)
C  0x7162dd39
C  0x7162e190
C  0x7162ddcc
C  0x58de8e54
C  0x58e22adb
C  0x58e287e8
C  0x71655e16
C  0x71647813
C  0x7167622b
C  0x7166825a
C  0x7166832d
C  0x71664c86
C  0x71664cf1
C  [ntdll.dll+0x392e0]
C  [ntdll.dll+0x59da4]
C  [ntdll.dll+0x59c46]
C  [kernel32.dll+0x179ed]
C  [MSVCR100.dll+0x27997]
C  [MSVCR100.dll+0x27ab0]
C  [MSVCR100.dll+0x27b1d]
V  [jvm.dll+0x140952]
V  [jvm.dll+0x16909d]
V  [jvm.dll+0x1684b1]
V  [jvm.dll+0x1688c7]
V  [jvm.dll+0x168ac2]
V  [jvm.dll+0x1a80f9]
C  [MSVCR100.dll+0x5c556]
C  [MSVCR100.dll+0x5c600]
C  [kernel32.dll+0x1338a]
C  [ntdll.dll+0x39882]
C  [ntdll.dll+0x39855]

VM_Operation (0x0018fac0): Exit, mode: safepoint, requested by thread 0x0212c400


---------------  P R O C E S S  ---------------

Java Threads: ( => current thread )
  0x2e9d3000 JavaThread "AWT-Shutdown" [_thread_blocked, id=3944, stack(0x2d000000,0x2d100000)]
  0x2e9d4800 JavaThread "Thread-24" daemon [_thread_in_native, id=5428, stack(0x3ba20000,0x3bb20000)]
  0x2e9d4000 JavaThread "Thread-22" daemon [_thread_in_native, id=672, stack(0x395f0000,0x396f0000)]
  0x2e9d3c00 JavaThread "TimerQueue" daemon [_thread_blocked, id=7832, stack(0x3c330000,0x3c430000)]
  0x2bf6d000 JavaThread "Java2D Disposer" daemon [_thread_blocked, id=6084, stack(0x35030000,0x35130000)]
  0x2bf6a000 JavaThread "Pool C:\Users\Drovosekov\AppData\Roaming\CooCox\CoIDE\repo\CODB_SIMPLIFY.FDB idleRemover" daemon [_thread_blocked, id=7396, stack(0x341f0000,0x342f0000)]
  0x29bbf800 JavaThread "Service Thread" daemon [_thread_blocked, id=4064, stack(0x2a560000,0x2a660000)]
  0x29bbb400 JavaThread "C1 CompilerThread0" daemon [_thread_blocked, id=5688, stack(0x2a420000,0x2a520000)]
  0x29bba400 JavaThread "Attach Listener" daemon [_thread_blocked, id=1408, stack(0x2a2e0000,0x2a3e0000)]
  0x29bb9800 JavaThread "Signal Dispatcher" daemon [_thread_blocked, id=7552, stack(0x2a1a0000,0x2a2a0000)]
  0x29bb7000 JavaThread "Surrogate Locker Thread (Concurrent GC)" daemon [_thread_blocked, id=3824, stack(0x2a060000,0x2a160000)]
  0x29b86800 JavaThread "Finalizer" daemon [_thread_blocked, id=2816, stack(0x29f20000,0x2a020000)]
  0x29b81c00 JavaThread "Reference Handler" daemon [_thread_blocked, id=4624, stack(0x29de0000,0x29ee0000)]
  0x0212c400 JavaThread "main" [_thread_blocked, id=7588, stack(0x00090000,0x00190000)]

Other Threads:
=>0x29b7f400 VMThread [stack: 0x29ca0000,0x29da0000] [id=2856]

VM state:at safepoint (shutting down)

VM Mutex/Monitor currently owned by a thread:  ([mutex/lock_event])
[0x0212a958] Threads_lock - owner thread: 0x29b7f400

Heap
 par new generation   total 18432K, used 13257K [0x04800000, 0x05c00000, 0x0f2a0000)
  eden space 16384K,  68% used [0x04800000, 0x05307000, 0x05800000)
  from space 2048K,  95% used [0x05a00000, 0x05beb660, 0x05c00000)
  to   space 2048K,   0% used [0x05800000, 0x05800000, 0x05a00000)
 concurrent mark-sweep generation total 56668K, used 49334K [0x0f2a0000, 0x129f7000, 0x24800000)
 concurrent-mark-sweep perm gen total 65536K, used 50275K [0x24800000, 0x28800000, 0x28800000)

Card table byte_map: [0x04670000,0x047a0000] byte_map_base: 0x0464c000

Polling page: 0x003f0000

Code Cache  [0x02170000, 0x02ac0000, 0x04170000)
 total_blobs=4813 nmethods=4541 adapters=205 free_code_cache=23472Kb largest_free_block=23814144

Compilation events (10 events):
Event: 3175.697 Thread 0x29bbb400 4739   !         org.eclipse.osgi.framework.eventmgr.ListenerQueue::dispatchEventSynchronous (81 bytes)
Event: 3175.697 Thread 0x29bbb400 nmethod 4739 0x02a10708 code [0x02a10890, 0x02a10c44]
Event: 3175.713 Thread 0x29bbb400 4740             org.eclipse.osgi.internal.serviceregistry.ShrinkableCollection::initComposite (157 bytes)
Event: 3175.713 Thread 0x29bbb400 nmethod 4740 0x02a0fe88 code [0x02a10070, 0x02a1039c]
Event: 3175.723 Thread 0x29bbb400 4741  s          org.eclipse.osgi.framework.eventmgr.ListenerQueue::queueListeners (37 bytes)
Event: 3175.723 Thread 0x29bbb400 nmethod 4741 0x02a00248 code [0x02a00370, 0x02a005f4]
Event: 3175.724 Thread 0x29bbb400 4742             org.eclipse.osgi.framework.eventmgr.CopyOnWriteIdentityMap$Snapshot$EntrySet::size (9 bytes)
Event: 3175.724 Thread 0x29bbb400 nmethod 4742 0x029e59c8 code [0x029e5ac0, 0x029e5b50]
Event: 3175.728 Thread 0x29bbb400 4743   !         org.eclipse.osgi.internal.serviceregistry.ServiceRegistry::publishServiceEventPrivileged (256 bytes)
Event: 3175.729 Thread 0x29bbb400 nmethod 4743 0x029c5f48 code [0x029c61d0, 0x029c6b34]

GC Heap History (10 events):
Event: 481.042 GC heap before
{Heap before GC invocations=90 (full 24):
 par new generation   total 18432K, used 18432K [0x04800000, 0x05c00000, 0x0f2a0000)
  eden space 16384K, 100% used [0x04800000, 0x05800000, 0x05800000)
  from space 2048K, 100% used [0x05800000, 0x05a00000, 0x05a00000)
  to   space 2048K,   0% used [0x05a00000, 0x05a00000, 0x05c00000)
 concurrent mark-sweep generation total 56668K, used 39514K [0x0f2a0000, 0x129f7000, 0x24800000)
 concurrent-mark-sweep perm gen total 65536K, used 48891K [0x24800000, 0x28800000, 0x28800000)
Event: 481.046 GC heap after
Heap after GC invocations=91 (full 24):
 par new generation   total 18432K, used 2048K [0x04800000, 0x05c00000, 0x0f2a0000)
  eden space 16384K,   0% used [0x04800000, 0x04800000, 0x05800000)
  from space 2048K, 100% used [0x05a00000, 0x05c00000, 0x05c00000)
  to   space 2048K,   0% used [0x05800000, 0x05800000, 0x05a00000)
 concurrent mark-sweep generation total 56668K, used 41617K [0x0f2a0000, 0x129f7000, 0x24800000)
 concurrent-mark-sweep perm gen total 65536K, used 48891K [0x24800000, 0x28800000, 0x28800000)
}
Event: 481.282 GC heap before
{Heap before GC invocations=91 (full 24):
 par new generation   total 18432K, used 18432K [0x04800000, 0x05c00000, 0x0f2a0000)
  eden space 16384K, 100% used [0x04800000, 0x05800000, 0x05800000)
  from space 2048K, 100% used [0x05a00000, 0x05c00000, 0x05c00000)
  to   space 2048K,   0% used [0x05800000, 0x05800000, 0x05a00000)
 concurrent mark-sweep generation total 56668K, used 41617K [0x0f2a0000, 0x129f7000, 0x24800000)
 concurrent-mark-sweep perm gen total 65536K, used 49780K [0x24800000, 0x28800000, 0x28800000)
Event: 481.285 GC heap after
Heap after GC invocations=92 (full 24):
 par new generation   total 18432K, used 2048K [0x04800000, 0x05c00000, 0x0f2a0000)
  eden space 16384K,   0% used [0x04800000, 0x04800000, 0x05800000)
  from space 2048K, 100% used [0x05800000, 0x05a00000, 0x05a00000)
  to   space 2048K,   0% used [0x05a00000, 0x05a00000, 0x05c00000)
 concurrent mark-sweep generation total 56668K, used 43035K [0x0f2a0000, 0x129f7000, 0x24800000)
 concurrent-mark-sweep perm gen total 65536K, used 49780K [0x24800000, 0x28800000, 0x28800000)
}
Event: 483.670 GC heap before
{Heap before GC invocations=92 (full 24):
 par new generation   total 18432K, used 18432K [0x04800000, 0x05c00000, 0x0f2a0000)
  eden space 16384K, 100% used [0x04800000, 0x05800000, 0x05800000)
  from space 2048K, 100% used [0x05800000, 0x05a00000, 0x05a00000)
  to   space 2048K,   0% used [0x05a00000, 0x05a00000, 0x05c00000)
 concurrent mark-sweep generation total 56668K, used 43035K [0x0f2a0000, 0x129f7000, 0x24800000)
 concurrent-mark-sweep perm gen total 65536K, used 49917K [0x24800000, 0x28800000, 0x28800000)
Event: 483.674 GC heap after
Heap after GC invocations=93 (full 24):
 par new generation   total 18432K, used 2048K [0x04800000, 0x05c00000, 0x0f2a0000)
  eden space 16384K,   0% used [0x04800000, 0x04800000, 0x05800000)
  from space 2048K, 100% used [0x05a00000, 0x05c00000, 0x05c00000)
  to   space 2048K,   0% used [0x05800000, 0x05800000, 0x05a00000)
 concurrent mark-sweep generation total 56668K, used 44746K [0x0f2a0000, 0x129f7000, 0x24800000)
 concurrent-mark-sweep perm gen total 65536K, used 49917K [0x24800000, 0x28800000, 0x28800000)
}
Event: 504.447 GC heap before
{Heap before GC invocations=93 (full 24):
 par new generation   total 18432K, used 18432K [0x04800000, 0x05c00000, 0x0f2a0000)
  eden space 16384K, 100% used [0x04800000, 0x05800000, 0x05800000)
  from space 2048K, 100% used [0x05a00000, 0x05c00000, 0x05c00000)
  to   space 2048K,   0% used [0x05800000, 0x05800000, 0x05a00000)
 concurrent mark-sweep generation total 56668K, used 44746K [0x0f2a0000, 0x129f7000, 0x24800000)
 concurrent-mark-sweep perm gen total 65536K, used 49917K [0x24800000, 0x28800000, 0x28800000)
Event: 504.453 GC heap after
Heap after GC invocations=94 (full 24):
 par new generation   total 18432K, used 2048K [0x04800000, 0x05c00000, 0x0f2a0000)
  eden space 16384K,   0% used [0x04800000, 0x04800000, 0x05800000)
  from space 2048K, 100% used [0x05800000, 0x05a00000, 0x05a00000)
  to   space 2048K,   0% used [0x05a00000, 0x05a00000, 0x05c00000)
 concurrent mark-sweep generation total 56668K, used 47308K [0x0f2a0000, 0x129f7000, 0x24800000)
 concurrent-mark-sweep perm gen total 65536K, used 49917K [0x24800000, 0x28800000, 0x28800000)
}
Event: 3174.625 GC heap before
{Heap before GC invocations=94 (full 24):
 par new generation   total 18432K, used 18432K [0x04800000, 0x05c00000, 0x0f2a0000)
  eden space 16384K, 100% used [0x04800000, 0x05800000, 0x05800000)
  from space 2048K, 100% used [0x05800000, 0x05a00000, 0x05a00000)
  to   space 2048K,   0% used [0x05a00000, 0x05a00000, 0x05c00000)
 concurrent mark-sweep generation total 56668K, used 47308K [0x0f2a0000, 0x129f7000, 0x24800000)
 concurrent-mark-sweep perm gen total 65536K, used 49918K [0x24800000, 0x28800000, 0x28800000)
Event: 3174.629 GC heap after
Heap after GC invocations=95 (full 24):
 par new generation   total 18432K, used 1965K [0x04800000, 0x05c00000, 0x0f2a0000)
  eden space 16384K,   0% used [0x04800000, 0x04800000, 0x05800000)
  from space 2048K,  95% used [0x05a00000, 0x05beb660, 0x05c00000)
  to   space 2048K,   0% used [0x05800000, 0x05800000, 0x05a00000)
 concurrent mark-sweep generation total 56668K, used 49334K [0x0f2a0000, 0x129f7000, 0x24800000)
 concurrent-mark-sweep perm gen total 65536K, used 49918K [0x24800000, 0x28800000, 0x28800000)
}

Deoptimization events (0 events):
No events

Internal exceptions (10 events):
Event: 3175.718 Thread 0x0212c400 Threw 0x05210f78 at C:\re\jdk7u71\1605\hotspot\src\share\vm\prims\jvm.cpp:1281
Event: 3175.719 Thread 0x0212c400 Threw 0x052151a0 at C:\re\jdk7u71\1605\hotspot\src\share\vm\prims\jvm.cpp:1281
Event: 3175.724 Thread 0x0212c400 Threw 0x0522b320 at C:\re\jdk7u71\1605\hotspot\src\share\vm\prims\jvm.cpp:1281
Event: 3175.725 Thread 0x0212c400 Threw 0x0522f578 at C:\re\jdk7u71\1605\hotspot\src\share\vm\prims\jvm.cpp:1281
Event: 3175.725 Thread 0x0212c400 Threw 0x05234da8 at C:\re\jdk7u71\1605\hotspot\src\share\vm\prims\jvm.cpp:1281
Event: 3175.726 Thread 0x0212c400 Threw 0x05240fe8 at C:\re\jdk7u71\1605\hotspot\src\share\vm\prims\jvm.cpp:1281
Event: 3175.727 Thread 0x2a83ec00 Threw 0x052580f8 at C:\re\jdk7u71\1605\hotspot\src\share\vm\prims\jvm.cpp:3002
Event: 3175.728 Thread 0x2bf6a400 Threw 0x04b9c400 at C:\re\jdk7u71\1605\hotspot\src\share\vm\runtime\objectMonitor.cpp:1652
Event: 3175.730 Thread 0x2a8be400 Threw 0x0526cf08 at C:\re\jdk7u71\1605\hotspot\src\share\vm\runtime\objectMonitor.cpp:1652
Event: 3175.778 Thread 0x2a844800 Threw 0x05231390 at C:\re\jdk7u71\1605\hotspot\src\share\vm\runtime\objectMonitor.cpp:1652

Events (10 events):
Event: 3175.779 loading class 0x29c0f548 done
Event: 3175.779 Thread 0x2a869000 Thread exited: 0x2a869000
Event: 3175.779 Thread 0x2bf6a400 Thread added: 0x2bf6a400
Event: 3175.779 Thread 0x2bf6ac00 Thread added: 0x2bf6ac00
Event: 3175.779 Thread 0x2bf6a400 Thread exited: 0x2bf6a400
Event: 3175.779 loading class 0x2a9ea660
Event: 3175.779 loading class 0x2a9ea660 done
Event: 3175.806 Thread 0x2bf6d800 Thread exited: 0x2bf6d800
Event: 3175.874 Thread 0x2bf6ac00 Thread exited: 0x2bf6ac00
Event: 3175.875 Executing VM operation: Exit


Dynamic libraries:
0x00400000 - 0x0040d000 	C:\CooCox\CoIDE_V2Beta\CoIDE.exe
0x772d0000 - 0x77450000 	C:\Windows\SysWOW64\ntdll.dll
0x76260000 - 0x76370000 	C:\Windows\syswow64\kernel32.dll
0x760e0000 - 0x76127000 	C:\Windows\syswow64\KERNELBASE.dll
0x768d0000 - 0x769d0000 	C:\Windows\syswow64\USER32.dll
0x769f0000 - 0x76a80000 	C:\Windows\syswow64\GDI32.dll
0x772a0000 - 0x772aa000 	C:\Windows\syswow64\LPK.dll
0x74d60000 - 0x74dfd000 	C:\Windows\syswow64\USP10.dll
0x74f30000 - 0x74fdc000 	C:\Windows\syswow64\msvcrt.dll
0x74c90000 - 0x74d31000 	C:\Windows\syswow64\ADVAPI32.dll
0x751e0000 - 0x751f9000 	C:\Windows\SysWOW64\sechost.dll
0x75050000 - 0x75140000 	C:\Windows\syswow64\RPCRT4.dll
0x74c30000 - 0x74c90000 	C:\Windows\syswow64\SspiCli.dll
0x74c20000 - 0x74c2c000 	C:\Windows\syswow64\CRYPTBASE.dll
0x737b0000 - 0x73834000 	C:\Windows\WinSxS\x86_microsoft.windows.common-controls_6595b64144ccf1df_5.82.7601.18837_none_ec86b8d6858ec0bc\COMCTL32.dll
0x74e00000 - 0x74e60000 	C:\Windows\system32\IMM32.DLL
0x76e00000 - 0x76ecc000 	C:\Windows\syswow64\MSCTF.dll
0x72000000 - 0x7200d000 	C:\CooCox\CoIDE_V2Beta\plugins\org.eclipse.equinox.launcher.win32.win32.x86_1.1.100.v20110502\eclipse_1406.dll
0x749a0000 - 0x749a9000 	C:\Windows\system32\VERSION.dll
0x6cb10000 - 0x6ce99000 	C:\CooCox\CoIDE_V2Beta\jre\bin\client\jvm.dll
0x73950000 - 0x73957000 	C:\Windows\system32\WSOCK32.dll
0x75290000 - 0x752c5000 	C:\Windows\syswow64\WS2_32.dll
0x76160000 - 0x76166000 	C:\Windows\syswow64\NSI.dll
0x6e230000 - 0x6e262000 	C:\Windows\system32\WINMM.dll
0x74fe0000 - 0x74fe5000 	C:\Windows\syswow64\PSAPI.DLL
0x62390000 - 0x6244f000 	C:\Windows\system32\MSVCR100.dll
0x738e0000 - 0x738ec000 	C:\CooCox\CoIDE_V2Beta\jre\bin\verify.dll
0x735a0000 - 0x735c0000 	C:\CooCox\CoIDE_V2Beta\jre\bin\java.dll
0x738a0000 - 0x738b3000 	C:\CooCox\CoIDE_V2Beta\jre\bin\zip.dll
0x742f0000 - 0x74307000 	C:\Windows\system32\CRYPTSP.dll
0x742b0000 - 0x742eb000 	C:\Windows\system32\rsaenh.dll
0x74d40000 - 0x74d57000 	C:\Windows\syswow64\USERENV.dll
0x76140000 - 0x7614b000 	C:\Windows\syswow64\profapi.dll
0x73190000 - 0x731a4000 	C:\CooCox\CoIDE_V2Beta\jre\bin\net.dll
0x74010000 - 0x7404c000 	C:\Windows\system32\mswsock.dll
0x74000000 - 0x74006000 	C:\Windows\System32\wship6.dll
0x73c90000 - 0x73cac000 	C:\Windows\system32\IPHLPAPI.DLL
0x73c80000 - 0x73c87000 	C:\Windows\system32\WINNSI.DLL
0x73ad0000 - 0x73add000 	C:\Windows\system32\dhcpcsvc6.DLL
0x73ae0000 - 0x73af2000 	C:\Windows\system32\dhcpcsvc.DLL
0x73940000 - 0x7394f000 	C:\CooCox\CoIDE_V2Beta\jre\bin\nio.dll
0x6efc0000 - 0x6f040000 	C:\Windows\system32\uxtheme.dll
0x72c60000 - 0x72c6a000 	C:\Program Files (x86)\Yandex\Punto Switcher\pshook.dll
0x76080000 - 0x760d7000 	C:\Windows\syswow64\SHLWAPI.dll
0x76200000 - 0x7622b000 	C:\Windows\syswow64\imagehlp.dll
0x75f20000 - 0x7607c000 	C:\Windows\system32\ole32.dll
0x722c0000 - 0x722d0000 	C:\Windows\system32\NLAapi.dll
0x73390000 - 0x733a0000 	C:\Windows\system32\napinsp.dll
0x73170000 - 0x73182000 	C:\Windows\system32\pnrpnsp.dll
0x73cf0000 - 0x73d34000 	C:\Windows\system32\DNSAPI.dll
0x72ea0000 - 0x72ea8000 	C:\Windows\System32\winrnr.dll
0x73cc0000 - 0x73ce1000 	C:\Program Files (x86)\Bonjour\mdnsNSP.dll
0x73ff0000 - 0x73ff5000 	C:\Windows\System32\wshtcpip.dll
0x73cb0000 - 0x73cb6000 	C:\Windows\system32\rasadhlp.dll
0x73c40000 - 0x73c78000 	C:\Windows\System32\fwpuclnt.dll
0x2b310000 - 0x2b37e000 	C:\CooCox\CoIDE_V2Beta\configuration\org.eclipse.osgi\bundles\111\1\.cp\swt-win32-3740.dll
0x76170000 - 0x761ff000 	C:\Windows\syswow64\OLEAUT32.dll
0x74e90000 - 0x74f0b000 	C:\Windows\syswow64\comdlg32.dll
0x73e50000 - 0x73fee000 	C:\Windows\WinSxS\x86_microsoft.windows.common-controls_6595b64144ccf1df_6.0.7601.18837_none_41e855142bd5705d\COMCTL32.dll
0x752d0000 - 0x75f1b000 	C:\Windows\syswow64\SHELL32.dll
0x721e0000 - 0x72231000 	C:\Windows\system32\WINSPOOL.DRV
0x76bb0000 - 0x76da3000 	C:\Windows\syswow64\WININET.dll
0x76150000 - 0x76154000 	C:\Windows\syswow64\api-ms-win-downlevel-user32-l1-1-0.dll
0x74f10000 - 0x74f14000 	C:\Windows\syswow64\api-ms-win-downlevel-shlwapi-l1-1-0.dll
0x75140000 - 0x75144000 	C:\Windows\syswow64\api-ms-win-downlevel-version-l1-1-0.dll
0x76130000 - 0x76133000 	C:\Windows\syswow64\api-ms-win-downlevel-normaliz-l1-1-0.dll
0x769e0000 - 0x769e3000 	C:\Windows\syswow64\normaliz.DLL
0x76520000 - 0x76752000 	C:\Windows\syswow64\iertutil.dll
0x76370000 - 0x76375000 	C:\Windows\syswow64\api-ms-win-downlevel-advapi32-l1-1-0.dll
0x76a80000 - 0x76ba1000 	C:\Windows\syswow64\CRYPT32.dll
0x769d0000 - 0x769dc000 	C:\Windows\syswow64\MSASN1.dll
0x6e580000 - 0x6e593000 	C:\Windows\system32\dwmapi.dll
0x73d40000 - 0x73e35000 	C:\Windows\system32\propsys.dll
0x75200000 - 0x75283000 	C:\Windows\syswow64\CLBCatQ.DLL
0x2b0b0000 - 0x2b0cd000 	C:\CooCox\CoIDE_V2Beta\configuration\org.eclipse.osgi\bundles\111\1\.cp\swt-gdip-win32-3740.dll
0x705c0000 - 0x70750000 	C:\Windows\WinSxS\x86_microsoft.windows.gdiplus_6595b64144ccf1df_1.1.7601.19061_none_72d6d48d86649709\gdiplus.dll
0x72a60000 - 0x72b91000 	C:\Windows\system32\WindowsCodecs.dll
0x73350000 - 0x7338c000 	C:\Windows\system32\oleacc.dll
0x742a0000 - 0x742ae000 	C:\Windows\system32\RpcRtRemote.dll
0x73570000 - 0x73575000 	C:\Windows\system32\msimg32.dll
0x71a70000 - 0x71abc000 	C:\Windows\system32\apphelp.dll
0x67d30000 - 0x68978000 	C:\Windows\SysWOW64\ieframe.dll
0x73550000 - 0x73554000 	C:\Windows\SysWOW64\api-ms-win-downlevel-shell32-l1-1-0.dll
0x73270000 - 0x73274000 	C:\Windows\system32\api-ms-win-downlevel-shlwapi-l2-1-0.dll
0x76780000 - 0x768cb000 	C:\Windows\syswow64\urlmon.dll
0x74f20000 - 0x74f24000 	C:\Windows\syswow64\api-ms-win-downlevel-ole32-l1-1-0.dll
0x71a10000 - 0x71a6f000 	C:\Windows\system32\SXS.DLL
0x656f0000 - 0x66b66000 	C:\Windows\SysWOW64\mshtml.dll
0x73260000 - 0x73264000 	C:\Windows\system32\api-ms-win-downlevel-advapi32-l2-1-0.dll
0x73590000 - 0x73598000 	C:\Windows\system32\Secur32.dll
0x71280000 - 0x712ae000 	C:\Windows\system32\mlang.dll
0x72e30000 - 0x72e3b000 	C:\Windows\system32\msimtf.dll
0x72250000 - 0x722aa000 	C:\Windows\System32\netprofm.dll
0x72240000 - 0x72248000 	C:\Windows\System32\npmproxy.dll
0x69870000 - 0x698fc000 	C:\Windows\SysWOW64\uiautomationcore.dll
0x65280000 - 0x656ee000 	C:\Windows\SysWOW64\jscript9.dll
0x73b60000 - 0x73b77000 	C:\Windows\system32\bcrypt.dll
0x73b20000 - 0x73b5d000 	C:\Windows\SysWOW64\bcryptprimitives.dll
0x72cc0000 - 0x72cf1000 	C:\Windows\system32\msls31.dll
0x730f0000 - 0x73162000 	C:\Windows\system32\DSOUND.dll
0x736c0000 - 0x736e5000 	C:\Windows\system32\POWRPROF.dll
0x76380000 - 0x7651d000 	C:\Windows\syswow64\SETUPAPI.dll
0x76230000 - 0x76257000 	C:\Windows\syswow64\CFGMGR32.dll
0x76760000 - 0x76772000 	C:\Windows\syswow64\DEVOBJ.dll
0x69910000 - 0x69989000 	C:\Windows\system32\mscms.dll
0x73c10000 - 0x73c31000 	C:\Windows\system32\ntmarta.dll
0x76db0000 - 0x76df5000 	C:\Windows\syswow64\WLDAP32.dll
0x6ec70000 - 0x6efb7000 	C:\Windows\system32\d2d1.dll
0x6e930000 - 0x6ea66000 	C:\Windows\system32\DWrite.dll
0x6e5f0000 - 0x6e63c000 	C:\Windows\system32\dxgi.dll
0x74e60000 - 0x74e8f000 	C:\Windows\syswow64\WINTRUST.dll
0x6e640000 - 0x6e7b5000 	C:\Windows\system32\d3d11.dll
0x72bc0000 - 0x72be5000 	C:\CooCox\CoIDE_V2Beta\jre\bin\jaybird22.dll
0x33410000 - 0x337bd000 	C:\CooCox\CoIDE_V2Beta\jre\bin\fbembed.dll
0x732b0000 - 0x7334b000 	C:\Windows\WinSxS\x86_microsoft.vc80.crt_1fc8b3b9a1e18e3b_8.0.50727.6195_none_d09154e044272b9a\MSVCR80.dll
0x72bf0000 - 0x72c02000 	C:\Windows\system32\MPR.dll
0x4a800000 - 0x4a893000 	C:\Windows\system32\icuuc30.dll
0x4ad00000 - 0x4b52c000 	C:\Windows\system32\icudt30.dll
0x7c360000 - 0x7c3b6000 	C:\Windows\system32\MSVCR71.dll
0x333a0000 - 0x333a6000 	C:\CooCox\CoIDE_V2Beta\jre\bin\ib_util.dll
0x337c0000 - 0x338a3000 	C:\CooCox\CoIDE_V2Beta\jre\bin\intl\fbintl.DLL
0x344d0000 - 0x344de000 	C:\CooCox\CoIDE_V2Beta\configuration\org.eclipse.osgi\bundles\68\1\.cp\os\win32\x86\localfile_1_0_0.dll
0x6ff00000 - 0x70043000 	C:\CooCox\CoIDE_V2Beta\jre\bin\awt.dll
0x72f70000 - 0x730e7000 	C:\Windows\system32\nvspcap.dll
0x73660000 - 0x736b8000 	C:\Windows\system32\WINHTTP.dll
0x73610000 - 0x7365f000 	C:\Windows\system32\webio.dll
0x716a0000 - 0x719d5000 	C:\Windows\system32\nvapi.dll
0x72380000 - 0x72440000 	C:\Program Files (x86)\NVIDIA Corporation\3D Vision\nvSCPAPI.dll

VM Arguments:
jvm_args: -Dosgi.parentClassloader=ext --launcher.XXMaxPermSize 256M -vmargs -Xms60m -Xmx512m -XX:+UseConcMarkSweepGC -XX:+CMSClassUnloadingEnabled 
java_command: <unknown>
Launcher Type: generic

Environment Variables:
CLASSPATH=.;C:\Program Files (x86)\QuickTime\QTSystem\QTJava.zip
PATH=C:/CooCox/CoIDE_V2Beta/jre/bin/client;C:/CooCox/CoIDE_V2Beta/jre/bin;C:/CooCox/CoIDE_V2Beta/jre/lib/i386;C:\Program Files (x86)\Common Files\Intel\Shared Files\cpp\bin\Intel64;C:\ProgramData\Oracle\Java\javapath;C:\Windows\system32;C:\Windows;C:\Windows\System32\Wbem;C:\Windows\System32\WindowsPowerShell\v1.0\;C:\Program Files (x86)\QuickTime\QTSystem\;C:\Program Files (x86)\NVIDIA Corporation\PhysX\Common;C:\Program Files (x86)\Microsoft SQL Server\100\Tools\Binn\;C:\Program Files\Microsoft SQL Server\100\Tools\Binn\;C:\Program Files\Microsoft SQL Server\100\DTS\Binn\;C:\Program Files (x86)\Skype\Phone\;C:\Program Files (x86)\Common Files\Acronis\SnapAPI\;C:\CooCox\CoIDE_V2Beta\gcc\bin;C:\CooCox\CoIDE_V2Beta\bin;D:\WorkSync\SolderStation\stm32\CooCox _Prj;
USERNAME=Drovosekov
OS=Windows_NT
PROCESSOR_IDENTIFIER=Intel64 Family 6 Model 58 Stepping 9, GenuineIntel



---------------  S Y S T E M  ---------------

OS: Windows 7 , 64 bit Build 7601 Service Pack 1

CPU:total 4 (4 cores per cpu, 1 threads per core) family 6 model 58 stepping 9, cmov, cx8, fxsr, mmx, sse, sse2, sse3, ssse3, sse4.1, sse4.2, popcnt, avx, aes, erms, tsc, tscinvbit, tscinv

Memory: 4k page, physical 8285592k(3547500k free), swap 12469868k(6893960k free)

vm_info: Java HotSpot(TM) Client VM (24.71-b01) for windows-x86 JRE (1.7.0_71-b14), built on Sep 26 2014 16:30:49 by "java_re" with unknown MS VC++:1600

time: Thu Jan 21 11:16:27 2016
elapsed time: 3176 seconds

